# 分离链表 + 显式链表法
Results for mm malloc:
trace  valid  util     ops      secs  Kops
 0       yes   99%    5694  0.001049  5430
 1       yes   99%    5848  0.001082  5405
 2       yes   99%    6648  0.001295  5135
 3       yes  100%    5380  0.001042  5166
 4       yes   66%   14400  0.002446  5886
 5       yes   96%    4800  0.001406  3414
 6       yes   94%    4800  0.001413  3397
 7       yes   55%   12000  0.004427  2711
 8       yes   51%   24000  0.015631  1535
 9       yes   31%   14401  0.035316   408
10       yes   30%   14401  0.004972  2897
Total          75%  112372  0.070078  1604

Perf index = 45 (util) + 40 (thru) = 85/100

# 分离链表 + 显式链表法 + realloc优化
Results for mm malloc:
trace  valid  util     ops      secs  Kops
 0       yes   99%    5694  0.000802  7102
 1       yes   99%    5848  0.000826  7082
 2       yes   99%    6648  0.000992  6700
 3       yes   99%    5380  0.000800  6726
 4       yes   66%   14400  0.001923  7488
 5       yes   96%    4800  0.001230  3903
 6       yes   95%    4800  0.001225  3918
 7       yes   55%   12000  0.004530  2649
 8       yes   51%   24000  0.015976  1502
 9       yes   87%   14401  0.001153 12491
10       yes   67%   14401  0.001088 13236
Total          83%  112372  0.030545  3679

Perf index = 50 (util) + 40 (thru) = 90/100
